c:\users\user\documents\github\team\jusin-directx3d-team\engine\default\x64\release\vc143.pdb
c:\users\user\documents\github\team\jusin-directx3d-team\engine\default\x64\release\network.obj
c:\users\user\documents\github\team\jusin-directx3d-team\engine\default\x64\release\model.obj
c:\users\user\documents\github\team\jusin-directx3d-team\engine\default\x64\release\frustum.obj
c:\users\user\documents\github\team\jusin-directx3d-team\engine\default\x64\release\fragment.obj
c:\users\user\documents\github\team\jusin-directx3d-team\engine\default\x64\release\font_mgr.obj
c:\users\user\documents\github\team\jusin-directx3d-team\engine\default\x64\release\font.obj
c:\users\user\documents\github\team\jusin-directx3d-team\engine\default\x64\release\enviro.obj
c:\users\user\documents\github\team\jusin-directx3d-team\engine\default\x64\release\effect.obj
c:\users\user\documents\github\team\jusin-directx3d-team\engine\default\x64\release\compute.obj
c:\users\user\documents\github\team\jusin-directx3d-team\engine\default\x64\release\buffer_cube.obj
c:\users\user\documents\github\team\jusin-directx3d-team\engine\default\x64\release\component_mgr.obj
c:\users\user\documents\github\team\jusin-directx3d-team\engine\default\x64\release\component.obj
c:\users\user\documents\github\team\jusin-directx3d-team\engine\default\x64\release\collider.obj
c:\users\user\documents\github\team\jusin-directx3d-team\engine\default\x64\release\channel.obj
c:\users\user\documents\github\team\jusin-directx3d-team\engine\default\x64\release\cell.obj
c:\users\user\documents\github\team\jusin-directx3d-team\engine\default\x64\release\camera.obj
c:\users\user\documents\github\team\jusin-directx3d-team\engine\default\x64\release\buffer_trail.obj
c:\users\user\documents\github\team\jusin-directx3d-team\engine\default\x64\release\base.obj
c:\users\user\documents\github\team\jusin-directx3d-team\engine\default\x64\release\audio.obj
c:\users\user\documents\github\team\jusin-directx3d-team\engine\default\x64\release\anim.obj
c:\users\user\documents\github\team\jusin-directx3d-team\engine\default\x64\release\imgui_tables.obj
c:\users\user\documents\github\team\jusin-directx3d-team\engine\default\x64\release\imgui_impl_win32.obj
c:\users\user\documents\github\team\jusin-directx3d-team\engine\default\x64\release\imgui_impl_dx11.obj
c:\users\user\documents\github\team\jusin-directx3d-team\engine\default\x64\release\imgui_draw.obj
c:\users\user\documents\github\team\jusin-directx3d-team\engine\default\x64\release\imgui_demo.obj
c:\users\user\documents\github\team\jusin-directx3d-team\engine\default\x64\release\imgui.obj
c:\users\user\documents\github\team\jusin-directx3d-team\engine\default\x64\release\graphic.obj
c:\users\user\documents\github\team\jusin-directx3d-team\engine\default\x64\release\object.obj
c:\users\user\documents\github\team\jusin-directx3d-team\engine\default\x64\release\navi.obj
c:\users\user\documents\github\team\jusin-directx3d-team\engine\default\x64\release\jsoncpp.obj
c:\users\user\documents\github\team\jusin-directx3d-team\engine\default\x64\release\buffer.obj
c:\users\user\documents\github\team\jusin-directx3d-team\engine\default\x64\release\game_instance.obj
c:\users\user\documents\github\team\jusin-directx3d-team\engine\default\x64\release\engine_struct.obj
c:\users\user\documents\github\team\jusin-directx3d-team\engine\default\x64\release\edit_mgr.obj
c:\users\user\documents\github\team\jusin-directx3d-team\engine\default\x64\release\edit.obj
c:\users\user\documents\github\team\jusin-directx3d-team\engine\default\x64\release\debugdraw.obj
c:\users\user\documents\github\team\jusin-directx3d-team\engine\default\x64\release\triangle.obj
c:\users\user\documents\github\team\jusin-directx3d-team\engine\default\x64\release\target_mgr.obj
c:\users\user\documents\github\team\jusin-directx3d-team\engine\default\x64\release\target.obj
c:\users\user\documents\github\team\jusin-directx3d-team\engine\default\x64\release\recttransform.obj
c:\users\user\documents\github\team\jusin-directx3d-team\engine\default\x64\release\ui.obj
c:\users\user\documents\github\team\jusin-directx3d-team\engine\default\x64\release\transform.obj
c:\users\user\documents\github\team\jusin-directx3d-team\engine\default\x64\release\timer_mgr.obj
c:\users\user\documents\github\team\jusin-directx3d-team\engine\default\x64\release\timer.obj
c:\users\user\documents\github\team\jusin-directx3d-team\engine\default\x64\release\texture.obj
c:\users\user\documents\github\team\jusin-directx3d-team\engine\default\x64\release\sound.obj
c:\users\user\documents\github\team\jusin-directx3d-team\engine\default\x64\release\shader.obj
c:\users\user\documents\github\team\jusin-directx3d-team\engine\default\x64\release\scene_mgr.obj
c:\users\user\documents\github\team\jusin-directx3d-team\engine\default\x64\release\scene.obj
c:\users\user\documents\github\team\jusin-directx3d-team\engine\default\x64\release\renderer.obj
c:\users\user\documents\github\team\jusin-directx3d-team\engine\default\x64\release\picking.obj
c:\users\user\documents\github\team\jusin-directx3d-team\engine\default\x64\release\object_mgr.obj
c:\users\user\documents\github\team\jusin-directx3d-team\engine\default\x64\release\mesh.obj
c:\users\user\documents\github\team\jusin-directx3d-team\engine\default\x64\release\buffer_terrain.obj
c:\users\user\documents\github\team\jusin-directx3d-team\engine\default\x64\release\buffer_rect.obj
c:\users\user\documents\github\team\jusin-directx3d-team\engine\default\x64\release\light.obj
c:\users\user\documents\github\team\jusin-directx3d-team\engine\default\x64\release\layer.obj
c:\users\user\documents\github\team\jusin-directx3d-team\engine\default\x64\release\input.obj
c:\users\user\documents\github\team\jusin-directx3d-team\engine\default\x64\release\bone.obj
c:\users\user\documents\github\team\jusin-directx3d-team\engine\default\x64\release\imgui_widgets.obj
c:\users\user\documents\github\team\jusin-directx3d-team\engine\bin\engine.lib
c:\users\user\documents\github\team\jusin-directx3d-team\engine\bin\engine.exp
c:\users\user\documents\github\team\jusin-directx3d-team\engine\bin\back.cso
c:\users\user\documents\github\team\jusin-directx3d-team\engine\bin\blend.cso
c:\users\user\documents\github\team\jusin-directx3d-team\engine\bin\bloom.cso
c:\users\user\documents\github\team\jusin-directx3d-team\engine\bin\blur.cso
c:\users\user\documents\github\team\jusin-directx3d-team\engine\bin\cell.cso
c:\users\user\documents\github\team\jusin-directx3d-team\engine\bin\deferred.cso
c:\users\user\documents\github\team\jusin-directx3d-team\engine\bin\distortion.cso
c:\users\user\documents\github\team\jusin-directx3d-team\engine\bin\dof.cso
c:\users\user\documents\github\team\jusin-directx3d-team\engine\bin\fog.cso
c:\users\user\documents\github\team\jusin-directx3d-team\engine\bin\glow.cso
c:\users\user\documents\github\team\jusin-directx3d-team\engine\bin\godray.cso
c:\users\user\documents\github\team\jusin-directx3d-team\engine\bin\hdr.cso
c:\users\user\documents\github\team\jusin-directx3d-team\engine\bin\hsbc.cso
c:\users\user\documents\github\team\jusin-directx3d-team\engine\bin\light.cso
c:\users\user\documents\github\team\jusin-directx3d-team\engine\bin\light1.cso
c:\users\user\documents\github\team\jusin-directx3d-team\engine\bin\lumasharpen.cso
c:\users\user\documents\github\team\jusin-directx3d-team\engine\bin\motionblur.cso
c:\users\user\documents\github\team\jusin-directx3d-team\engine\bin\ssao.cso
c:\users\user\documents\github\team\jusin-directx3d-team\engine\bin\engine.dll
c:\users\user\documents\github\team\jusin-directx3d-team\engine\default\x64\release\engine.ipdb
c:\users\user\documents\github\team\jusin-directx3d-team\engine\bin\engine.pdb
c:\users\user\documents\github\team\jusin-directx3d-team\engine\default\x64\release\engine.iobj
c:\users\user\desktop\최종코드\jusin-directx3d-team\engine\default\x64\release\anim.obj
c:\users\user\desktop\최종코드\jusin-directx3d-team\engine\default\x64\release\audio.obj
c:\users\user\desktop\최종코드\jusin-directx3d-team\engine\default\x64\release\base.obj
c:\users\user\desktop\최종코드\jusin-directx3d-team\engine\default\x64\release\bone.obj
c:\users\user\desktop\최종코드\jusin-directx3d-team\engine\default\x64\release\buffer.obj
c:\users\user\desktop\최종코드\jusin-directx3d-team\engine\default\x64\release\buffer_cube.obj
c:\users\user\desktop\최종코드\jusin-directx3d-team\engine\default\x64\release\buffer_rect.obj
c:\users\user\desktop\최종코드\jusin-directx3d-team\engine\default\x64\release\buffer_terrain.obj
c:\users\user\desktop\최종코드\jusin-directx3d-team\engine\default\x64\release\buffer_trail.obj
c:\users\user\desktop\최종코드\jusin-directx3d-team\engine\default\x64\release\camera.obj
c:\users\user\desktop\최종코드\jusin-directx3d-team\engine\default\x64\release\cell.obj
c:\users\user\desktop\최종코드\jusin-directx3d-team\engine\default\x64\release\channel.obj
c:\users\user\desktop\최종코드\jusin-directx3d-team\engine\default\x64\release\collider.obj
c:\users\user\desktop\최종코드\jusin-directx3d-team\engine\default\x64\release\component.obj
c:\users\user\desktop\최종코드\jusin-directx3d-team\engine\default\x64\release\component_mgr.obj
c:\users\user\desktop\최종코드\jusin-directx3d-team\engine\default\x64\release\compute.obj
c:\users\user\desktop\최종코드\jusin-directx3d-team\engine\default\x64\release\debugdraw.obj
c:\users\user\desktop\최종코드\jusin-directx3d-team\engine\default\x64\release\edit.obj
c:\users\user\desktop\최종코드\jusin-directx3d-team\engine\default\x64\release\edit_mgr.obj
c:\users\user\desktop\최종코드\jusin-directx3d-team\engine\default\x64\release\effect.obj
c:\users\user\desktop\최종코드\jusin-directx3d-team\engine\default\x64\release\engine_struct.obj
c:\users\user\desktop\최종코드\jusin-directx3d-team\engine\default\x64\release\enviro.obj
c:\users\user\desktop\최종코드\jusin-directx3d-team\engine\default\x64\release\font.obj
c:\users\user\desktop\최종코드\jusin-directx3d-team\engine\default\x64\release\font_mgr.obj
c:\users\user\desktop\최종코드\jusin-directx3d-team\engine\default\x64\release\fragment.obj
c:\users\user\desktop\최종코드\jusin-directx3d-team\engine\default\x64\release\frustum.obj
c:\users\user\desktop\최종코드\jusin-directx3d-team\engine\default\x64\release\game_instance.obj
c:\users\user\desktop\최종코드\jusin-directx3d-team\engine\default\x64\release\graphic.obj
c:\users\user\desktop\최종코드\jusin-directx3d-team\engine\default\x64\release\imgui.obj
c:\users\user\desktop\최종코드\jusin-directx3d-team\engine\default\x64\release\imgui_demo.obj
c:\users\user\desktop\최종코드\jusin-directx3d-team\engine\default\x64\release\imgui_draw.obj
c:\users\user\desktop\최종코드\jusin-directx3d-team\engine\default\x64\release\imgui_impl_dx11.obj
c:\users\user\desktop\최종코드\jusin-directx3d-team\engine\default\x64\release\imgui_impl_win32.obj
c:\users\user\desktop\최종코드\jusin-directx3d-team\engine\default\x64\release\imgui_tables.obj
c:\users\user\desktop\최종코드\jusin-directx3d-team\engine\default\x64\release\imgui_widgets.obj
c:\users\user\desktop\최종코드\jusin-directx3d-team\engine\default\x64\release\input.obj
c:\users\user\desktop\최종코드\jusin-directx3d-team\engine\default\x64\release\jsoncpp.obj
c:\users\user\desktop\최종코드\jusin-directx3d-team\engine\default\x64\release\layer.obj
c:\users\user\desktop\최종코드\jusin-directx3d-team\engine\default\x64\release\light.obj
c:\users\user\desktop\최종코드\jusin-directx3d-team\engine\default\x64\release\mesh.obj
c:\users\user\desktop\최종코드\jusin-directx3d-team\engine\default\x64\release\model.obj
c:\users\user\desktop\최종코드\jusin-directx3d-team\engine\default\x64\release\navi.obj
c:\users\user\desktop\최종코드\jusin-directx3d-team\engine\default\x64\release\network.obj
c:\users\user\desktop\최종코드\jusin-directx3d-team\engine\default\x64\release\object.obj
c:\users\user\desktop\최종코드\jusin-directx3d-team\engine\default\x64\release\object_mgr.obj
c:\users\user\desktop\최종코드\jusin-directx3d-team\engine\default\x64\release\picking.obj
c:\users\user\desktop\최종코드\jusin-directx3d-team\engine\default\x64\release\recttransform.obj
c:\users\user\desktop\최종코드\jusin-directx3d-team\engine\default\x64\release\renderer.obj
c:\users\user\desktop\최종코드\jusin-directx3d-team\engine\default\x64\release\scene.obj
c:\users\user\desktop\최종코드\jusin-directx3d-team\engine\default\x64\release\scene_mgr.obj
c:\users\user\desktop\최종코드\jusin-directx3d-team\engine\default\x64\release\shader.obj
c:\users\user\desktop\최종코드\jusin-directx3d-team\engine\default\x64\release\sound.obj
c:\users\user\desktop\최종코드\jusin-directx3d-team\engine\default\x64\release\target.obj
c:\users\user\desktop\최종코드\jusin-directx3d-team\engine\default\x64\release\target_mgr.obj
c:\users\user\desktop\최종코드\jusin-directx3d-team\engine\default\x64\release\texture.obj
c:\users\user\desktop\최종코드\jusin-directx3d-team\engine\default\x64\release\timer.obj
c:\users\user\desktop\최종코드\jusin-directx3d-team\engine\default\x64\release\timer_mgr.obj
c:\users\user\desktop\최종코드\jusin-directx3d-team\engine\default\x64\release\transform.obj
c:\users\user\desktop\최종코드\jusin-directx3d-team\engine\default\x64\release\triangle.obj
c:\users\user\desktop\최종코드\jusin-directx3d-team\engine\default\x64\release\ui.obj
c:\users\user\desktop\최종코드\jusin-directx3d-team\engine\default\x64\release\engine.ipdb
c:\users\user\desktop\최종코드\jusin-directx3d-team\engine\default\x64\release\engine.iobj
c:\users\user\desktop\최종코드\jusin-directx3d-team\engine\default\x64\release\vc143.pdb
c:\users\user\desktop\최종코드\jusin-directx3d-team\engine\bin\engine.dll
c:\users\user\desktop\최종코드\jusin-directx3d-team\engine\default\x64\release\engine.tlog\cl.command.1.tlog
c:\users\user\desktop\최종코드\jusin-directx3d-team\engine\default\x64\release\engine.tlog\cl.read.1.tlog
c:\users\user\desktop\최종코드\jusin-directx3d-team\engine\default\x64\release\engine.tlog\cl.write.1.tlog
c:\users\user\desktop\최종코드\jusin-directx3d-team\engine\default\x64\release\engine.tlog\engine.write.1u.tlog
c:\users\user\desktop\최종코드\jusin-directx3d-team\engine\default\x64\release\engine.tlog\fxc.command.1.tlog
c:\users\user\desktop\최종코드\jusin-directx3d-team\engine\default\x64\release\engine.tlog\fxc.read.1.tlog
c:\users\user\desktop\최종코드\jusin-directx3d-team\engine\default\x64\release\engine.tlog\fxc.write.1.tlog
c:\users\user\desktop\최종코드\jusin-directx3d-team\engine\default\x64\release\engine.tlog\link.command.1.tlog
c:\users\user\desktop\최종코드\jusin-directx3d-team\engine\default\x64\release\engine.tlog\link.read.1.tlog
c:\users\user\desktop\최종코드\jusin-directx3d-team\engine\default\x64\release\engine.tlog\link.write.1.tlog
