c:\users\user\documents\github\team\jusin-directx3d-team\engine\default\x64\debug\vc143.pdb
c:\users\user\documents\github\team\jusin-directx3d-team\engine\default\x64\debug\vc143.idb
c:\users\user\documents\github\team\jusin-directx3d-team\engine\default\x64\debug\network.obj
c:\users\user\documents\github\team\jusin-directx3d-team\engine\default\x64\debug\model.obj
c:\users\user\documents\github\team\jusin-directx3d-team\engine\default\x64\debug\frustum.obj
c:\users\user\documents\github\team\jusin-directx3d-team\engine\default\x64\debug\fragment.obj
c:\users\user\documents\github\team\jusin-directx3d-team\engine\default\x64\debug\font_mgr.obj
c:\users\user\documents\github\team\jusin-directx3d-team\engine\default\x64\debug\font.obj
c:\users\user\documents\github\team\jusin-directx3d-team\engine\default\x64\debug\enviro.obj
c:\users\user\documents\github\team\jusin-directx3d-team\engine\default\x64\debug\effect.obj
c:\users\user\documents\github\team\jusin-directx3d-team\engine\default\x64\debug\compute.obj
c:\users\user\documents\github\team\jusin-directx3d-team\engine\default\x64\debug\buffer_cube.obj
c:\users\user\documents\github\team\jusin-directx3d-team\engine\default\x64\debug\component_mgr.obj
c:\users\user\documents\github\team\jusin-directx3d-team\engine\default\x64\debug\component.obj
c:\users\user\documents\github\team\jusin-directx3d-team\engine\default\x64\debug\collider.obj
c:\users\user\documents\github\team\jusin-directx3d-team\engine\default\x64\debug\channel.obj
c:\users\user\documents\github\team\jusin-directx3d-team\engine\default\x64\debug\cell.obj
c:\users\user\documents\github\team\jusin-directx3d-team\engine\default\x64\debug\camera.obj
c:\users\user\documents\github\team\jusin-directx3d-team\engine\default\x64\debug\buffer_trail.obj
c:\users\user\documents\github\team\jusin-directx3d-team\engine\default\x64\debug\base.obj
c:\users\user\documents\github\team\jusin-directx3d-team\engine\default\x64\debug\audio.obj
c:\users\user\documents\github\team\jusin-directx3d-team\engine\default\x64\debug\anim.obj
c:\users\user\documents\github\team\jusin-directx3d-team\engine\default\x64\debug\imgui_tables.obj
c:\users\user\documents\github\team\jusin-directx3d-team\engine\default\x64\debug\imgui_impl_win32.obj
c:\users\user\documents\github\team\jusin-directx3d-team\engine\default\x64\debug\imgui_impl_dx11.obj
c:\users\user\documents\github\team\jusin-directx3d-team\engine\default\x64\debug\imgui_draw.obj
c:\users\user\documents\github\team\jusin-directx3d-team\engine\default\x64\debug\imgui_demo.obj
c:\users\user\documents\github\team\jusin-directx3d-team\engine\default\x64\debug\imgui.obj
c:\users\user\documents\github\team\jusin-directx3d-team\engine\default\x64\debug\graphic.obj
c:\users\user\documents\github\team\jusin-directx3d-team\engine\default\x64\debug\object.obj
c:\users\user\documents\github\team\jusin-directx3d-team\engine\default\x64\debug\navi.obj
c:\users\user\documents\github\team\jusin-directx3d-team\engine\default\x64\debug\jsoncpp.obj
c:\users\user\documents\github\team\jusin-directx3d-team\engine\default\x64\debug\buffer.obj
c:\users\user\documents\github\team\jusin-directx3d-team\engine\default\x64\debug\game_instance.obj
c:\users\user\documents\github\team\jusin-directx3d-team\engine\default\x64\debug\engine_struct.obj
c:\users\user\documents\github\team\jusin-directx3d-team\engine\default\x64\debug\edit_mgr.obj
c:\users\user\documents\github\team\jusin-directx3d-team\engine\default\x64\debug\edit.obj
c:\users\user\documents\github\team\jusin-directx3d-team\engine\default\x64\debug\debugdraw.obj
c:\users\user\documents\github\team\jusin-directx3d-team\engine\default\x64\debug\triangle.obj
c:\users\user\documents\github\team\jusin-directx3d-team\engine\default\x64\debug\target_mgr.obj
c:\users\user\documents\github\team\jusin-directx3d-team\engine\default\x64\debug\target.obj
c:\users\user\documents\github\team\jusin-directx3d-team\engine\default\x64\debug\recttransform.obj
c:\users\user\documents\github\team\jusin-directx3d-team\engine\default\x64\debug\ui.obj
c:\users\user\documents\github\team\jusin-directx3d-team\engine\default\x64\debug\transform.obj
c:\users\user\documents\github\team\jusin-directx3d-team\engine\default\x64\debug\timer_mgr.obj
c:\users\user\documents\github\team\jusin-directx3d-team\engine\default\x64\debug\timer.obj
c:\users\user\documents\github\team\jusin-directx3d-team\engine\default\x64\debug\texture.obj
c:\users\user\documents\github\team\jusin-directx3d-team\engine\default\x64\debug\sound.obj
c:\users\user\documents\github\team\jusin-directx3d-team\engine\default\x64\debug\shader.obj
c:\users\user\documents\github\team\jusin-directx3d-team\engine\default\x64\debug\scene_mgr.obj
c:\users\user\documents\github\team\jusin-directx3d-team\engine\default\x64\debug\scene.obj
c:\users\user\documents\github\team\jusin-directx3d-team\engine\default\x64\debug\renderer.obj
c:\users\user\documents\github\team\jusin-directx3d-team\engine\default\x64\debug\picking.obj
c:\users\user\documents\github\team\jusin-directx3d-team\engine\default\x64\debug\object_mgr.obj
c:\users\user\documents\github\team\jusin-directx3d-team\engine\default\x64\debug\mesh.obj
c:\users\user\documents\github\team\jusin-directx3d-team\engine\default\x64\debug\buffer_terrain.obj
c:\users\user\documents\github\team\jusin-directx3d-team\engine\default\x64\debug\buffer_rect.obj
c:\users\user\documents\github\team\jusin-directx3d-team\engine\default\x64\debug\light.obj
c:\users\user\documents\github\team\jusin-directx3d-team\engine\default\x64\debug\layer.obj
c:\users\user\documents\github\team\jusin-directx3d-team\engine\default\x64\debug\input.obj
c:\users\user\documents\github\team\jusin-directx3d-team\engine\default\x64\debug\bone.obj
c:\users\user\documents\github\team\jusin-directx3d-team\engine\default\x64\debug\imgui_widgets.obj
c:\users\user\documents\github\team\jusin-directx3d-team\engine\bin\engine.lib
c:\users\user\documents\github\team\jusin-directx3d-team\engine\bin\engine.exp
c:\users\user\documents\github\team\jusin-directx3d-team\engine\bin\back.cso
c:\users\user\documents\github\team\jusin-directx3d-team\engine\bin\blend.cso
c:\users\user\documents\github\team\jusin-directx3d-team\engine\bin\bloom.cso
c:\users\user\documents\github\team\jusin-directx3d-team\engine\bin\blur.cso
c:\users\user\documents\github\team\jusin-directx3d-team\engine\bin\cell.cso
c:\users\user\documents\github\team\jusin-directx3d-team\engine\bin\deferred.cso
c:\users\user\documents\github\team\jusin-directx3d-team\engine\bin\distortion.cso
c:\users\user\documents\github\team\jusin-directx3d-team\engine\bin\dof.cso
c:\users\user\documents\github\team\jusin-directx3d-team\engine\bin\fog.cso
c:\users\user\documents\github\team\jusin-directx3d-team\engine\bin\glow.cso
c:\users\user\documents\github\team\jusin-directx3d-team\engine\bin\godray.cso
c:\users\user\documents\github\team\jusin-directx3d-team\engine\bin\hdr.cso
c:\users\user\documents\github\team\jusin-directx3d-team\engine\bin\hsbc.cso
c:\users\user\documents\github\team\jusin-directx3d-team\engine\bin\light.cso
c:\users\user\documents\github\team\jusin-directx3d-team\engine\bin\light1.cso
c:\users\user\documents\github\team\jusin-directx3d-team\engine\bin\lumasharpen.cso
c:\users\user\documents\github\team\jusin-directx3d-team\engine\bin\motionblur.cso
c:\users\user\documents\github\team\jusin-directx3d-team\engine\bin\ssao.cso
c:\users\user\documents\github\team\jusin-directx3d-team\engine\bin\engine.dll
c:\users\user\documents\github\team\jusin-directx3d-team\engine\default\x64\debug\engine.ilk
c:\users\user\documents\github\team\jusin-directx3d-team\engine\bin\engine.pdb
c:\users\user\documents\github\team\jusin-directx3d-team\engine\default\x64\debug\engine.tlog\cl.command.1.tlog
c:\users\user\documents\github\team\jusin-directx3d-team\engine\default\x64\debug\engine.tlog\cl.read.1.tlog
c:\users\user\documents\github\team\jusin-directx3d-team\engine\default\x64\debug\engine.tlog\cl.write.1.tlog
c:\users\user\documents\github\team\jusin-directx3d-team\engine\default\x64\debug\engine.tlog\engine.write.1u.tlog
c:\users\user\documents\github\team\jusin-directx3d-team\engine\default\x64\debug\engine.tlog\fxc.command.1.tlog
c:\users\user\documents\github\team\jusin-directx3d-team\engine\default\x64\debug\engine.tlog\fxc.read.1.tlog
c:\users\user\documents\github\team\jusin-directx3d-team\engine\default\x64\debug\engine.tlog\fxc.write.1.tlog
c:\users\user\documents\github\team\jusin-directx3d-team\engine\default\x64\debug\engine.tlog\link.command.1.tlog
c:\users\user\documents\github\team\jusin-directx3d-team\engine\default\x64\debug\engine.tlog\link.read.1.tlog
c:\users\user\documents\github\team\jusin-directx3d-team\engine\default\x64\debug\engine.tlog\link.write.1.tlog
